0 verbose cli /opt/homebrew/Cellar/node/24.5.0/bin/node /opt/homebrew/bin/npm
1 info using npm@11.5.1
2 info using node@v24.5.0
3 silly config load:file:/opt/homebrew/lib/node_modules/npm/npmrc
4 silly config load:file:/Users/nickperez/Home-Hub/.npmrc
5 silly config load:file:/Users/nickperez/.npmrc
6 silly config load:file:/opt/homebrew/etc/npmrc
7 verbose title npm install
8 verbose argv "install"
9 verbose logfile logs-max:10 dir:/Users/nickperez/Home-Hub/.npm-cache/_logs/2025-12-05T22_39_42_540Z-
10 verbose logfile /Users/nickperez/Home-Hub/.npm-cache/_logs/2025-12-05T22_39_42_540Z-debug-0.log
11 silly logfile done cleaning log files
12 silly packumentCache heap:4496293888 maxSize:1124073472 maxEntrySize:562036736
13 silly idealTree buildDeps
14 silly fetch manifest express@^4.19.2
15 silly packumentCache full:https://registry.npmjs.org/express cache-miss
16 http fetch GET 200 https://registry.npmjs.org/express 196ms (cache miss)
17 silly packumentCache full:https://registry.npmjs.org/express set size:undefined disposed:false
18 silly placeDep ROOT express@4.22.1 OK for: family-wall-dashboard@1.0.0 want: ^4.19.2
19 silly fetch manifest accepts@~1.3.8
20 silly packumentCache full:https://registry.npmjs.org/accepts cache-miss
21 silly fetch manifest array-flatten@1.1.1
22 silly packumentCache full:https://registry.npmjs.org/array-flatten cache-miss
23 silly fetch manifest body-parser@~1.20.3
24 silly packumentCache full:https://registry.npmjs.org/body-parser cache-miss
25 silly fetch manifest content-disposition@~0.5.4
26 silly packumentCache full:https://registry.npmjs.org/content-disposition cache-miss
27 silly fetch manifest content-type@~1.0.4
28 silly packumentCache full:https://registry.npmjs.org/content-type cache-miss
29 silly fetch manifest cookie@~0.7.1
30 silly packumentCache full:https://registry.npmjs.org/cookie cache-miss
31 silly fetch manifest cookie-signature@~1.0.6
32 silly packumentCache full:https://registry.npmjs.org/cookie-signature cache-miss
33 silly fetch manifest debug@2.6.9
34 silly packumentCache full:https://registry.npmjs.org/debug cache-miss
35 silly fetch manifest depd@2.0.0
36 silly packumentCache full:https://registry.npmjs.org/depd cache-miss
37 http fetch GET 200 https://registry.npmjs.org/accepts 46ms (cache miss)
38 silly packumentCache full:https://registry.npmjs.org/accepts set size:undefined disposed:false
39 silly fetch manifest encodeurl@~2.0.0
40 silly packumentCache full:https://registry.npmjs.org/encodeurl cache-miss
41 http fetch GET 200 https://registry.npmjs.org/encodeurl 43ms (cache miss)
42 silly packumentCache full:https://registry.npmjs.org/encodeurl set size:undefined disposed:false
43 silly fetch manifest escape-html@~1.0.3
44 silly packumentCache full:https://registry.npmjs.org/escape-html cache-miss
45 http fetch GET 200 https://registry.npmjs.org/array-flatten 133ms (cache miss)
46 silly packumentCache full:https://registry.npmjs.org/array-flatten set size:undefined disposed:false
47 silly fetch manifest etag@~1.8.1
48 silly packumentCache full:https://registry.npmjs.org/etag cache-miss
49 http fetch GET 200 https://registry.npmjs.org/content-disposition 135ms (cache miss)
50 silly packumentCache full:https://registry.npmjs.org/content-disposition set size:undefined disposed:false
51 silly fetch manifest finalhandler@~1.3.1
52 silly packumentCache full:https://registry.npmjs.org/finalhandler cache-miss
53 http fetch GET 200 https://registry.npmjs.org/escape-html 47ms (cache miss)
54 silly packumentCache full:https://registry.npmjs.org/escape-html set size:undefined disposed:false
55 silly fetch manifest fresh@~0.5.2
56 silly packumentCache full:https://registry.npmjs.org/fresh cache-miss
57 http fetch GET 200 https://registry.npmjs.org/body-parser 140ms (cache miss)
58 silly packumentCache full:https://registry.npmjs.org/body-parser set size:undefined disposed:false
59 silly fetch manifest http-errors@~2.0.0
60 silly packumentCache full:https://registry.npmjs.org/http-errors cache-miss
61 http fetch GET 200 https://registry.npmjs.org/cookie 144ms (cache miss)
62 silly packumentCache full:https://registry.npmjs.org/cookie set size:undefined disposed:false
63 silly fetch manifest merge-descriptors@1.0.3
64 silly packumentCache full:https://registry.npmjs.org/merge-descriptors cache-miss
65 http fetch GET 200 https://registry.npmjs.org/depd 150ms (cache miss)
66 silly packumentCache full:https://registry.npmjs.org/depd set size:undefined disposed:false
67 silly fetch manifest methods@~1.1.2
68 silly packumentCache full:https://registry.npmjs.org/methods cache-miss
69 http fetch GET 200 https://registry.npmjs.org/cookie-signature 152ms (cache miss)
70 silly packumentCache full:https://registry.npmjs.org/cookie-signature set size:undefined disposed:false
71 silly fetch manifest on-finished@~2.4.1
72 silly packumentCache full:https://registry.npmjs.org/on-finished cache-miss
73 http fetch GET 200 https://registry.npmjs.org/debug 153ms (cache miss)
74 silly packumentCache full:https://registry.npmjs.org/debug set size:undefined disposed:false
75 silly fetch manifest parseurl@~1.3.3
76 silly packumentCache full:https://registry.npmjs.org/parseurl cache-miss
77 http fetch GET 200 https://registry.npmjs.org/content-type 155ms (cache miss)
78 silly packumentCache full:https://registry.npmjs.org/content-type set size:undefined disposed:false
79 silly fetch manifest path-to-regexp@~0.1.12
80 silly packumentCache full:https://registry.npmjs.org/path-to-regexp cache-miss
81 http fetch GET 200 https://registry.npmjs.org/finalhandler 44ms (cache miss)
82 silly packumentCache full:https://registry.npmjs.org/finalhandler set size:undefined disposed:false
83 silly fetch manifest proxy-addr@~2.0.7
84 silly packumentCache full:https://registry.npmjs.org/proxy-addr cache-miss
85 http fetch GET 200 https://registry.npmjs.org/fresh 46ms (cache miss)
86 silly packumentCache full:https://registry.npmjs.org/fresh set size:undefined disposed:false
87 silly fetch manifest qs@~6.14.0
88 silly packumentCache full:https://registry.npmjs.org/qs cache-miss
89 http fetch GET 200 https://registry.npmjs.org/etag 51ms (cache miss)
90 silly packumentCache full:https://registry.npmjs.org/etag set size:undefined disposed:false
91 silly fetch manifest range-parser@~1.2.1
92 silly packumentCache full:https://registry.npmjs.org/range-parser cache-miss
93 http fetch GET 200 https://registry.npmjs.org/http-errors 44ms (cache miss)
94 silly packumentCache full:https://registry.npmjs.org/http-errors set size:undefined disposed:false
95 silly fetch manifest safe-buffer@5.2.1
96 silly packumentCache full:https://registry.npmjs.org/safe-buffer cache-miss
97 http fetch GET 200 https://registry.npmjs.org/merge-descriptors 48ms (cache miss)
98 silly packumentCache full:https://registry.npmjs.org/merge-descriptors set size:undefined disposed:false
99 silly fetch manifest send@~0.19.0
100 silly packumentCache full:https://registry.npmjs.org/send cache-miss
101 http fetch GET 200 https://registry.npmjs.org/on-finished 42ms (cache miss)
102 silly packumentCache full:https://registry.npmjs.org/on-finished set size:undefined disposed:false
103 silly fetch manifest serve-static@~1.16.2
104 silly packumentCache full:https://registry.npmjs.org/serve-static cache-miss
105 http fetch GET 200 https://registry.npmjs.org/methods 49ms (cache miss)
106 silly packumentCache full:https://registry.npmjs.org/methods set size:undefined disposed:false
107 silly fetch manifest setprototypeof@1.2.0
108 silly packumentCache full:https://registry.npmjs.org/setprototypeof cache-miss
109 http fetch GET 200 https://registry.npmjs.org/parseurl 45ms (cache miss)
110 silly packumentCache full:https://registry.npmjs.org/parseurl set size:undefined disposed:false
111 silly fetch manifest statuses@~2.0.1
112 silly packumentCache full:https://registry.npmjs.org/statuses cache-miss
113 http fetch GET 200 https://registry.npmjs.org/path-to-regexp 46ms (cache miss)
114 silly packumentCache full:https://registry.npmjs.org/path-to-regexp set size:undefined disposed:false
115 silly fetch manifest type-is@~1.6.18
116 silly packumentCache full:https://registry.npmjs.org/type-is cache-miss
117 http fetch GET 200 https://registry.npmjs.org/range-parser 37ms (cache miss)
118 silly packumentCache full:https://registry.npmjs.org/range-parser set size:undefined disposed:false
119 silly fetch manifest utils-merge@1.0.1
120 silly packumentCache full:https://registry.npmjs.org/utils-merge cache-miss
121 http fetch GET 200 https://registry.npmjs.org/proxy-addr 46ms (cache miss)
122 silly packumentCache full:https://registry.npmjs.org/proxy-addr set size:undefined disposed:false
123 silly fetch manifest vary@~1.1.2
124 silly packumentCache full:https://registry.npmjs.org/vary cache-miss
125 http fetch GET 200 https://registry.npmjs.org/qs 44ms (cache miss)
126 silly packumentCache full:https://registry.npmjs.org/qs set size:undefined disposed:false
127 http fetch GET 200 https://registry.npmjs.org/safe-buffer 49ms (cache miss)
128 silly packumentCache full:https://registry.npmjs.org/safe-buffer set size:undefined disposed:false
129 http fetch GET 200 https://registry.npmjs.org/send 50ms (cache miss)
130 silly packumentCache full:https://registry.npmjs.org/send set size:undefined disposed:false
131 http fetch GET 200 https://registry.npmjs.org/setprototypeof 47ms (cache miss)
132 silly packumentCache full:https://registry.npmjs.org/setprototypeof set size:undefined disposed:false
133 http fetch GET 200 https://registry.npmjs.org/type-is 50ms (cache miss)
134 silly packumentCache full:https://registry.npmjs.org/type-is set size:undefined disposed:false
135 http fetch GET 200 https://registry.npmjs.org/serve-static 59ms (cache miss)
136 silly packumentCache full:https://registry.npmjs.org/serve-static set size:undefined disposed:false
137 http fetch GET 200 https://registry.npmjs.org/statuses 54ms (cache miss)
138 silly packumentCache full:https://registry.npmjs.org/statuses set size:undefined disposed:false
139 http fetch GET 200 https://registry.npmjs.org/vary 42ms (cache miss)
140 silly packumentCache full:https://registry.npmjs.org/vary set size:undefined disposed:false
141 http fetch GET 200 https://registry.npmjs.org/utils-merge 46ms (cache miss)
142 silly packumentCache full:https://registry.npmjs.org/utils-merge set size:undefined disposed:false
143 silly placeDep ROOT accepts@1.3.8 OK for: express@4.22.1 want: ~1.3.8
144 silly placeDep ROOT array-flatten@1.1.1 OK for: express@4.22.1 want: 1.1.1
145 silly placeDep ROOT body-parser@1.20.4 OK for: express@4.22.1 want: ~1.20.3
146 silly placeDep ROOT content-disposition@0.5.4 OK for: express@4.22.1 want: ~0.5.4
147 silly placeDep ROOT content-type@1.0.5 OK for: express@4.22.1 want: ~1.0.4
148 silly placeDep ROOT cookie@0.7.2 OK for: express@4.22.1 want: ~0.7.1
149 silly placeDep ROOT cookie-signature@1.0.7 OK for: express@4.22.1 want: ~1.0.6
150 silly placeDep ROOT debug@2.6.9 OK for: express@4.22.1 want: 2.6.9
151 silly placeDep ROOT depd@2.0.0 OK for: express@4.22.1 want: 2.0.0
152 silly placeDep ROOT encodeurl@2.0.0 OK for: express@4.22.1 want: ~2.0.0
153 silly placeDep ROOT escape-html@1.0.3 OK for: express@4.22.1 want: ~1.0.3
154 silly placeDep ROOT etag@1.8.1 OK for: express@4.22.1 want: ~1.8.1
155 silly placeDep ROOT finalhandler@1.3.2 OK for: express@4.22.1 want: ~1.3.1
156 silly placeDep ROOT fresh@0.5.2 OK for: express@4.22.1 want: ~0.5.2
157 silly placeDep ROOT http-errors@2.0.1 OK for: express@4.22.1 want: ~2.0.0
158 silly placeDep ROOT merge-descriptors@1.0.3 OK for: express@4.22.1 want: 1.0.3
159 silly placeDep ROOT methods@1.1.2 OK for: express@4.22.1 want: ~1.1.2
160 silly placeDep ROOT on-finished@2.4.1 OK for: express@4.22.1 want: ~2.4.1
161 silly placeDep ROOT parseurl@1.3.3 OK for: express@4.22.1 want: ~1.3.3
162 silly placeDep ROOT path-to-regexp@0.1.12 OK for: express@4.22.1 want: ~0.1.12
163 silly placeDep ROOT proxy-addr@2.0.7 OK for: express@4.22.1 want: ~2.0.7
164 silly placeDep ROOT qs@6.14.0 OK for: express@4.22.1 want: ~6.14.0
165 silly placeDep ROOT range-parser@1.2.1 OK for: express@4.22.1 want: ~1.2.1
166 silly placeDep ROOT safe-buffer@5.2.1 OK for: express@4.22.1 want: 5.2.1
167 silly placeDep ROOT send@0.19.1 OK for: express@4.22.1 want: ~0.19.0
168 silly placeDep ROOT serve-static@1.16.2 OK for: express@4.22.1 want: ~1.16.2
169 silly placeDep ROOT setprototypeof@1.2.0 OK for: express@4.22.1 want: 1.2.0
170 silly placeDep ROOT statuses@2.0.2 OK for: express@4.22.1 want: ~2.0.1
171 silly placeDep ROOT type-is@1.6.18 OK for: express@4.22.1 want: ~1.6.18
172 silly placeDep ROOT utils-merge@1.0.1 OK for: express@4.22.1 want: 1.0.1
173 silly placeDep ROOT vary@1.1.2 OK for: express@4.22.1 want: ~1.1.2
174 silly fetch manifest mime-types@~2.1.34
175 silly packumentCache full:https://registry.npmjs.org/mime-types cache-miss
176 silly fetch manifest negotiator@0.6.3
177 silly packumentCache full:https://registry.npmjs.org/negotiator cache-miss
178 silly fetch manifest bytes@~3.1.2
179 silly packumentCache full:https://registry.npmjs.org/bytes cache-miss
180 silly fetch manifest content-type@~1.0.5
181 silly packumentCache full:https://registry.npmjs.org/content-type cache-miss
182 silly fetch manifest destroy@~1.2.0
183 silly packumentCache full:https://registry.npmjs.org/destroy cache-miss
184 silly fetch manifest http-errors@~2.0.1
185 silly packumentCache full:https://registry.npmjs.org/http-errors cache-miss
186 silly fetch manifest iconv-lite@~0.4.24
187 silly packumentCache full:https://registry.npmjs.org/iconv-lite cache-miss
188 silly fetch manifest raw-body@~2.5.3
189 silly packumentCache full:https://registry.npmjs.org/raw-body cache-miss
190 silly fetch manifest unpipe@~1.0.0
191 silly packumentCache full:https://registry.npmjs.org/unpipe cache-miss
192 http cache https://registry.npmjs.org/content-type 5ms (cache hit)
193 silly packumentCache full:https://registry.npmjs.org/content-type set size:17311 disposed:false
194 silly fetch manifest ms@2.0.0
195 silly packumentCache full:https://registry.npmjs.org/ms cache-miss
196 http cache https://registry.npmjs.org/http-errors 6ms (cache hit)
197 silly packumentCache full:https://registry.npmjs.org/http-errors set size:71987 disposed:false
198 silly fetch manifest unpipe@~1.0.0
199 silly packumentCache full:https://registry.npmjs.org/unpipe cache-miss
200 http fetch GET 200 https://registry.npmjs.org/iconv-lite 42ms (cache miss)
201 silly packumentCache full:https://registry.npmjs.org/iconv-lite set size:undefined disposed:false
202 silly fetch manifest statuses@~2.0.2
203 silly packumentCache full:https://registry.npmjs.org/statuses cache-miss
204 http fetch GET 200 https://registry.npmjs.org/bytes 44ms (cache miss)
205 silly packumentCache full:https://registry.npmjs.org/bytes set size:undefined disposed:false
206 silly fetch manifest inherits@~2.0.4
207 silly packumentCache full:https://registry.npmjs.org/inherits cache-miss
208 http cache https://registry.npmjs.org/statuses 9ms (cache hit)
209 silly packumentCache full:https://registry.npmjs.org/statuses set size:37117 disposed:false
210 silly fetch manifest setprototypeof@~1.2.0
211 silly packumentCache full:https://registry.npmjs.org/setprototypeof cache-miss
212 http fetch GET 200 https://registry.npmjs.org/negotiator 54ms (cache miss)
213 silly packumentCache full:https://registry.npmjs.org/negotiator set size:undefined disposed:false
214 silly fetch manifest toidentifier@~1.0.1
215 silly packumentCache full:https://registry.npmjs.org/toidentifier cache-miss
216 http fetch GET 200 https://registry.npmjs.org/mime-types 56ms (cache miss)
217 silly packumentCache full:https://registry.npmjs.org/mime-types set size:undefined disposed:false
218 silly fetch manifest ee-first@1.1.1
219 silly packumentCache full:https://registry.npmjs.org/ee-first cache-miss
220 http fetch GET 200 https://registry.npmjs.org/destroy 56ms (cache miss)
221 silly packumentCache full:https://registry.npmjs.org/destroy set size:undefined disposed:false
222 silly fetch manifest forwarded@0.2.0
223 silly packumentCache full:https://registry.npmjs.org/forwarded cache-miss
224 http fetch GET 200 https://registry.npmjs.org/ms 51ms (cache miss)
225 silly packumentCache full:https://registry.npmjs.org/ms set size:undefined disposed:false
226 silly fetch manifest ipaddr.js@1.9.1
227 silly packumentCache full:https://registry.npmjs.org/ipaddr.js cache-miss
228 http fetch GET 200 https://registry.npmjs.org/unpipe 58ms (cache miss)
229 silly packumentCache full:https://registry.npmjs.org/unpipe set size:undefined disposed:false
230 silly fetch manifest side-channel@^1.1.0
231 silly packumentCache full:https://registry.npmjs.org/side-channel cache-miss
232 http cache https://registry.npmjs.org/setprototypeof 7ms (cache hit)
233 silly packumentCache full:https://registry.npmjs.org/setprototypeof set size:14532 disposed:false
234 silly fetch manifest ms@2.1.3
235 silly packumentCache full:https://registry.npmjs.org/ms cache-miss
236 http cache https://registry.npmjs.org/ms 2ms (cache hit)
237 silly packumentCache full:https://registry.npmjs.org/ms set size:92208 disposed:false
238 silly fetch manifest mime@1.6.0
239 silly packumentCache full:https://registry.npmjs.org/mime cache-miss
240 http fetch GET 200 https://registry.npmjs.org/raw-body 62ms (cache miss)
241 silly packumentCache full:https://registry.npmjs.org/raw-body set size:undefined disposed:false
242 silly fetch manifest destroy@1.2.0
243 silly packumentCache full:https://registry.npmjs.org/destroy cache-miss
244 http fetch GET 200 https://registry.npmjs.org/unpipe 58ms (cache miss)
245 silly packumentCache full:https://registry.npmjs.org/unpipe set size:undefined disposed:false
246 silly fetch manifest statuses@2.0.1
247 silly packumentCache full:https://registry.npmjs.org/statuses cache-hit
248 silly fetch manifest http-errors@2.0.0
249 silly packumentCache full:https://registry.npmjs.org/http-errors cache-hit
250 silly fetch manifest send@0.19.0
251 silly packumentCache full:https://registry.npmjs.org/send cache-miss
252 http cache https://registry.npmjs.org/destroy 2ms (cache hit)
253 silly packumentCache full:https://registry.npmjs.org/destroy set size:15683 disposed:false
254 silly fetch manifest mime-types@~2.1.24
255 silly packumentCache full:https://registry.npmjs.org/mime-types cache-miss
256 http cache https://registry.npmjs.org/send 2ms (cache hit)
257 silly packumentCache full:https://registry.npmjs.org/send set size:147586 disposed:false
258 silly fetch manifest media-typer@0.3.0
259 silly packumentCache full:https://registry.npmjs.org/media-typer cache-miss
260 http cache https://registry.npmjs.org/mime-types 3ms (cache hit)
261 silly packumentCache full:https://registry.npmjs.org/mime-types set size:139110 disposed:false
262 http fetch GET 200 https://registry.npmjs.org/inherits 39ms (cache miss)
263 silly packumentCache full:https://registry.npmjs.org/inherits set size:undefined disposed:false
264 http fetch GET 200 https://registry.npmjs.org/toidentifier 37ms (cache miss)
265 silly packumentCache full:https://registry.npmjs.org/toidentifier set size:undefined disposed:false
266 http fetch GET 200 https://registry.npmjs.org/forwarded 45ms (cache miss)
267 silly packumentCache full:https://registry.npmjs.org/forwarded set size:undefined disposed:false
268 http fetch GET 200 https://registry.npmjs.org/side-channel 42ms (cache miss)
269 silly packumentCache full:https://registry.npmjs.org/side-channel set size:undefined disposed:false
270 http fetch GET 200 https://registry.npmjs.org/ipaddr.js 44ms (cache miss)
271 silly packumentCache full:https://registry.npmjs.org/ipaddr.js set size:undefined disposed:false
272 http fetch GET 200 https://registry.npmjs.org/ee-first 54ms (cache miss)
273 silly packumentCache full:https://registry.npmjs.org/ee-first set size:undefined disposed:false
274 http fetch GET 200 https://registry.npmjs.org/mime 47ms (cache miss)
275 silly packumentCache full:https://registry.npmjs.org/mime set size:undefined disposed:false
276 http fetch GET 200 https://registry.npmjs.org/media-typer 58ms (cache miss)
277 silly packumentCache full:https://registry.npmjs.org/media-typer set size:undefined disposed:false
278 silly placeDep ROOT mime-types@2.1.35 OK for: accepts@1.3.8 want: ~2.1.34
279 silly placeDep ROOT negotiator@0.6.3 OK for: accepts@1.3.8 want: 0.6.3
280 silly fetch manifest mime-db@1.52.0
281 silly packumentCache full:https://registry.npmjs.org/mime-db cache-miss
282 http fetch GET 200 https://registry.npmjs.org/mime-db 47ms (cache miss)
283 silly packumentCache full:https://registry.npmjs.org/mime-db set size:undefined disposed:false
284 silly placeDep ROOT bytes@3.1.2 OK for: body-parser@1.20.4 want: ~3.1.2
285 silly placeDep ROOT destroy@1.2.0 OK for: body-parser@1.20.4 want: ~1.2.0
286 silly placeDep ROOT iconv-lite@0.4.24 OK for: body-parser@1.20.4 want: ~0.4.24
287 silly placeDep ROOT raw-body@2.5.3 OK for: body-parser@1.20.4 want: ~2.5.3
288 silly placeDep ROOT unpipe@1.0.0 OK for: body-parser@1.20.4 want: ~1.0.0
289 silly fetch manifest safer-buffer@>= 2.1.2 < 3
290 silly packumentCache full:https://registry.npmjs.org/safer-buffer cache-miss
291 http fetch GET 200 https://registry.npmjs.org/safer-buffer 40ms (cache miss)
292 silly packumentCache full:https://registry.npmjs.org/safer-buffer set size:undefined disposed:false
293 silly placeDep ROOT ms@2.0.0 OK for: debug@2.6.9 want: 2.0.0
294 silly placeDep ROOT inherits@2.0.4 OK for: http-errors@2.0.1 want: ~2.0.4
295 silly placeDep ROOT toidentifier@1.0.1 OK for: http-errors@2.0.1 want: ~1.0.1
296 silly placeDep ROOT safer-buffer@2.1.2 OK for: iconv-lite@0.4.24 want: >= 2.1.2 < 3
297 silly placeDep ROOT mime-db@1.52.0 OK for: mime-types@2.1.35 want: 1.52.0
298 silly placeDep ROOT ee-first@1.1.1 OK for: on-finished@2.4.1 want: 1.1.1
299 silly placeDep ROOT forwarded@0.2.0 OK for: proxy-addr@2.0.7 want: 0.2.0
300 silly placeDep ROOT ipaddr.js@1.9.1 OK for: proxy-addr@2.0.7 want: 1.9.1
301 silly placeDep ROOT side-channel@1.1.0 OK for: qs@6.14.0 want: ^1.1.0
302 silly fetch manifest es-errors@^1.3.0
303 silly packumentCache full:https://registry.npmjs.org/es-errors cache-miss
304 silly fetch manifest object-inspect@^1.13.3
305 silly packumentCache full:https://registry.npmjs.org/object-inspect cache-miss
306 silly fetch manifest side-channel-list@^1.0.0
307 silly packumentCache full:https://registry.npmjs.org/side-channel-list cache-miss
308 silly fetch manifest side-channel-map@^1.0.1
309 silly packumentCache full:https://registry.npmjs.org/side-channel-map cache-miss
310 silly fetch manifest side-channel-weakmap@^1.0.2
311 silly packumentCache full:https://registry.npmjs.org/side-channel-weakmap cache-miss
312 http fetch GET 200 https://registry.npmjs.org/es-errors 39ms (cache miss)
313 silly packumentCache full:https://registry.npmjs.org/es-errors set size:undefined disposed:false
314 http fetch GET 200 https://registry.npmjs.org/side-channel-map 48ms (cache miss)
315 silly packumentCache full:https://registry.npmjs.org/side-channel-map set size:undefined disposed:false
316 http fetch GET 200 https://registry.npmjs.org/object-inspect 49ms (cache miss)
317 silly packumentCache full:https://registry.npmjs.org/object-inspect set size:undefined disposed:false
318 http fetch GET 200 https://registry.npmjs.org/side-channel-list 50ms (cache miss)
319 silly packumentCache full:https://registry.npmjs.org/side-channel-list set size:undefined disposed:false
320 http fetch GET 200 https://registry.npmjs.org/side-channel-weakmap 60ms (cache miss)
321 silly packumentCache full:https://registry.npmjs.org/side-channel-weakmap set size:undefined disposed:false
322 silly placeDep node_modules/send http-errors@2.0.0 OK for: send@0.19.1 want: 2.0.0
323 silly placeDep ROOT mime@1.6.0 OK for: send@0.19.1 want: 1.6.0
324 silly placeDep node_modules/send ms@2.1.3 OK for: send@0.19.1 want: 2.1.3
325 silly placeDep node_modules/send statuses@2.0.1 OK for: send@0.19.1 want: 2.0.1
326 silly placeDep node_modules/serve-static send@0.19.0 OK for: serve-static@1.16.2 want: 0.19.0
327 silly fetch manifest encodeurl@~1.0.2
328 silly packumentCache full:https://registry.npmjs.org/encodeurl cache-miss
329 http cache https://registry.npmjs.org/encodeurl 2ms (cache hit)
330 silly packumentCache full:https://registry.npmjs.org/encodeurl set size:12296 disposed:false
331 silly placeDep ROOT es-errors@1.3.0 OK for: side-channel@1.1.0 want: ^1.3.0
332 silly placeDep ROOT object-inspect@1.13.4 OK for: side-channel@1.1.0 want: ^1.13.3
333 silly placeDep ROOT side-channel-list@1.0.0 OK for: side-channel@1.1.0 want: ^1.0.0
334 silly placeDep ROOT side-channel-map@1.0.1 OK for: side-channel@1.1.0 want: ^1.0.1
335 silly placeDep ROOT side-channel-weakmap@1.0.2 OK for: side-channel@1.1.0 want: ^1.0.2
336 silly fetch manifest call-bound@^1.0.2
337 silly packumentCache full:https://registry.npmjs.org/call-bound cache-miss
338 silly fetch manifest get-intrinsic@^1.2.5
339 silly packumentCache full:https://registry.npmjs.org/get-intrinsic cache-miss
340 silly fetch manifest call-bound@^1.0.2
341 silly packumentCache full:https://registry.npmjs.org/call-bound cache-miss
342 silly fetch manifest get-intrinsic@^1.2.5
343 silly packumentCache full:https://registry.npmjs.org/get-intrinsic cache-miss
344 http fetch GET 200 https://registry.npmjs.org/call-bound 43ms (cache miss)
345 silly packumentCache full:https://registry.npmjs.org/call-bound set size:undefined disposed:false
346 http fetch GET 200 https://registry.npmjs.org/call-bound 44ms (cache miss)
347 silly packumentCache full:https://registry.npmjs.org/call-bound set size:undefined disposed:false
348 http fetch GET 200 https://registry.npmjs.org/get-intrinsic 46ms (cache miss)
349 silly packumentCache full:https://registry.npmjs.org/get-intrinsic set size:undefined disposed:false
350 http fetch GET 200 https://registry.npmjs.org/get-intrinsic 94ms (cache miss)
351 silly packumentCache full:https://registry.npmjs.org/get-intrinsic set size:undefined disposed:false
352 silly placeDep ROOT call-bound@1.0.4 OK for: side-channel-map@1.0.1 want: ^1.0.2
353 silly placeDep ROOT get-intrinsic@1.3.0 OK for: side-channel-map@1.0.1 want: ^1.2.5
354 silly fetch manifest call-bind-apply-helpers@^1.0.2
355 silly packumentCache full:https://registry.npmjs.org/call-bind-apply-helpers cache-miss
356 silly fetch manifest get-intrinsic@^1.3.0
357 silly packumentCache full:https://registry.npmjs.org/get-intrinsic cache-miss
358 silly fetch manifest gopd@^1.2.0
359 silly packumentCache full:https://registry.npmjs.org/gopd cache-miss
360 silly fetch manifest hasown@^2.0.2
361 silly packumentCache full:https://registry.npmjs.org/hasown cache-miss
362 silly fetch manifest get-proto@^1.0.1
363 silly packumentCache full:https://registry.npmjs.org/get-proto cache-miss
364 silly fetch manifest has-symbols@^1.1.0
365 silly packumentCache full:https://registry.npmjs.org/has-symbols cache-miss
366 silly fetch manifest function-bind@^1.1.2
367 silly packumentCache full:https://registry.npmjs.org/function-bind cache-miss
368 silly fetch manifest es-object-atoms@^1.1.1
369 silly packumentCache full:https://registry.npmjs.org/es-object-atoms cache-miss
370 silly fetch manifest math-intrinsics@^1.1.0
371 silly packumentCache full:https://registry.npmjs.org/math-intrinsics cache-miss
372 http cache https://registry.npmjs.org/get-intrinsic 4ms (cache hit)
373 silly packumentCache full:https://registry.npmjs.org/get-intrinsic set size:60985 disposed:false
374 silly fetch manifest es-define-property@^1.0.1
375 silly packumentCache full:https://registry.npmjs.org/es-define-property cache-miss
376 http fetch GET 200 https://registry.npmjs.org/gopd 41ms (cache miss)
377 silly packumentCache full:https://registry.npmjs.org/gopd set size:undefined disposed:false
378 silly fetch manifest call-bind-apply-helpers@^1.0.2
379 silly packumentCache full:https://registry.npmjs.org/call-bind-apply-helpers cache-miss
380 http fetch GET 200 https://registry.npmjs.org/hasown 41ms (cache miss)
381 silly packumentCache full:https://registry.npmjs.org/hasown set size:undefined disposed:false
382 http fetch GET 200 https://registry.npmjs.org/function-bind 43ms (cache miss)
383 silly packumentCache full:https://registry.npmjs.org/function-bind set size:undefined disposed:false
384 http fetch GET 200 https://registry.npmjs.org/get-proto 45ms (cache miss)
385 silly packumentCache full:https://registry.npmjs.org/get-proto set size:undefined disposed:false
386 http fetch GET 200 https://registry.npmjs.org/es-object-atoms 44ms (cache miss)
387 silly packumentCache full:https://registry.npmjs.org/es-object-atoms set size:undefined disposed:false
388 http fetch GET 200 https://registry.npmjs.org/has-symbols 44ms (cache miss)
389 silly packumentCache full:https://registry.npmjs.org/has-symbols set size:undefined disposed:false
390 http fetch GET 200 https://registry.npmjs.org/call-bind-apply-helpers 47ms (cache miss)
391 silly packumentCache full:https://registry.npmjs.org/call-bind-apply-helpers set size:undefined disposed:false
392 http fetch GET 200 https://registry.npmjs.org/es-define-property 43ms (cache miss)
393 silly packumentCache full:https://registry.npmjs.org/es-define-property set size:undefined disposed:false
394 http fetch GET 200 https://registry.npmjs.org/math-intrinsics 51ms (cache miss)
395 silly packumentCache full:https://registry.npmjs.org/math-intrinsics set size:undefined disposed:false
396 http fetch GET 200 https://registry.npmjs.org/call-bind-apply-helpers 48ms (cache miss)
397 silly packumentCache full:https://registry.npmjs.org/call-bind-apply-helpers set size:undefined disposed:false
398 silly placeDep ROOT call-bind-apply-helpers@1.0.2 OK for: call-bound@1.0.4 want: ^1.0.2
399 silly placeDep ROOT function-bind@1.1.2 OK for: call-bind-apply-helpers@1.0.2 want: ^1.1.2
400 silly placeDep ROOT es-define-property@1.0.1 OK for: get-intrinsic@1.3.0 want: ^1.0.1
401 silly placeDep ROOT es-object-atoms@1.1.1 OK for: get-intrinsic@1.3.0 want: ^1.1.1
402 silly placeDep ROOT get-proto@1.0.1 OK for: get-intrinsic@1.3.0 want: ^1.0.1
403 silly placeDep ROOT gopd@1.2.0 OK for: get-intrinsic@1.3.0 want: ^1.2.0
404 silly placeDep ROOT has-symbols@1.1.0 OK for: get-intrinsic@1.3.0 want: ^1.1.0
405 silly placeDep ROOT hasown@2.0.2 OK for: get-intrinsic@1.3.0 want: ^2.0.2
406 silly placeDep ROOT math-intrinsics@1.1.0 OK for: get-intrinsic@1.3.0 want: ^1.1.0
407 silly fetch manifest dunder-proto@^1.0.1
408 silly packumentCache full:https://registry.npmjs.org/dunder-proto cache-miss
409 http fetch GET 200 https://registry.npmjs.org/dunder-proto 38ms (cache miss)
410 silly packumentCache full:https://registry.npmjs.org/dunder-proto set size:undefined disposed:false
411 silly placeDep ROOT dunder-proto@1.0.1 OK for: get-proto@1.0.1 want: ^1.0.1
412 silly placeDep ROOT media-typer@0.3.0 OK for: type-is@1.6.18 want: 0.3.0
413 silly placeDep node_modules/serve-static/node_modules/send encodeurl@1.0.2 OK for: send@0.19.0 want: ~1.0.2
414 silly placeDep node_modules/serve-static http-errors@2.0.0 OK for: send@0.19.0 want: 2.0.0
415 silly placeDep node_modules/serve-static ms@2.1.3 OK for: send@0.19.0 want: 2.1.3
416 silly placeDep node_modules/serve-static statuses@2.0.1 OK for: send@0.19.0 want: 2.0.1
417 silly reify moves {}
418 silly audit bulk request {
418 silly audit   express: [ '4.22.1' ],
418 silly audit   accepts: [ '1.3.8' ],
418 silly audit   'array-flatten': [ '1.1.1' ],
418 silly audit   'body-parser': [ '1.20.4' ],
418 silly audit   'content-disposition': [ '0.5.4' ],
418 silly audit   'content-type': [ '1.0.5' ],
418 silly audit   cookie: [ '0.7.2' ],
418 silly audit   'cookie-signature': [ '1.0.7' ],
418 silly audit   debug: [ '2.6.9' ],
418 silly audit   depd: [ '2.0.0' ],
418 silly audit   encodeurl: [ '2.0.0', '1.0.2' ],
418 silly audit   'escape-html': [ '1.0.3' ],
418 silly audit   etag: [ '1.8.1' ],
418 silly audit   finalhandler: [ '1.3.2' ],
418 silly audit   fresh: [ '0.5.2' ],
418 silly audit   'http-errors': [ '2.0.1', '2.0.0' ],
418 silly audit   'merge-descriptors': [ '1.0.3' ],
418 silly audit   methods: [ '1.1.2' ],
418 silly audit   'on-finished': [ '2.4.1' ],
418 silly audit   parseurl: [ '1.3.3' ],
418 silly audit   'path-to-regexp': [ '0.1.12' ],
418 silly audit   'proxy-addr': [ '2.0.7' ],
418 silly audit   qs: [ '6.14.0' ],
418 silly audit   'range-parser': [ '1.2.1' ],
418 silly audit   'safe-buffer': [ '5.2.1' ],
418 silly audit   send: [ '0.19.1', '0.19.0' ],
418 silly audit   'serve-static': [ '1.16.2' ],
418 silly audit   setprototypeof: [ '1.2.0' ],
418 silly audit   statuses: [ '2.0.2', '2.0.1' ],
418 silly audit   'type-is': [ '1.6.18' ],
418 silly audit   'utils-merge': [ '1.0.1' ],
418 silly audit   vary: [ '1.1.2' ],
418 silly audit   'mime-types': [ '2.1.35' ],
418 silly audit   negotiator: [ '0.6.3' ],
418 silly audit   bytes: [ '3.1.2' ],
418 silly audit   destroy: [ '1.2.0' ],
418 silly audit   'iconv-lite': [ '0.4.24' ],
418 silly audit   'raw-body': [ '2.5.3' ],
418 silly audit   unpipe: [ '1.0.0' ],
418 silly audit   ms: [ '2.0.0', '2.1.3' ],
418 silly audit   inherits: [ '2.0.4' ],
418 silly audit   toidentifier: [ '1.0.1' ],
418 silly audit   'safer-buffer': [ '2.1.2' ],
418 silly audit   'mime-db': [ '1.52.0' ],
418 silly audit   'ee-first': [ '1.1.1' ],
418 silly audit   forwarded: [ '0.2.0' ],
418 silly audit   'ipaddr.js': [ '1.9.1' ],
418 silly audit   'side-channel': [ '1.1.0' ],
418 silly audit   mime: [ '1.6.0' ],
418 silly audit   'es-errors': [ '1.3.0' ],
418 silly audit   'object-inspect': [ '1.13.4' ],
418 silly audit   'side-channel-list': [ '1.0.0' ],
418 silly audit   'side-channel-map': [ '1.0.1' ],
418 silly audit   'side-channel-weakmap': [ '1.0.2' ],
418 silly audit   'call-bound': [ '1.0.4' ],
418 silly audit   'get-intrinsic': [ '1.3.0' ],
418 silly audit   'call-bind-apply-helpers': [ '1.0.2' ],
418 silly audit   'function-bind': [ '1.1.2' ],
418 silly audit   'es-define-property': [ '1.0.1' ],
418 silly audit   'es-object-atoms': [ '1.1.1' ],
418 silly audit   'get-proto': [ '1.0.1' ],
418 silly audit   gopd: [ '1.2.0' ],
418 silly audit   'has-symbols': [ '1.1.0' ],
418 silly audit   hasown: [ '2.0.2' ],
418 silly audit   'math-intrinsics': [ '1.1.0' ],
418 silly audit   'dunder-proto': [ '1.0.1' ],
418 silly audit   'media-typer': [ '0.3.0' ]
418 silly audit }
419 http cache dunder-proto@https://registry.npmjs.org/dunder-proto/-/dunder-proto-1.0.1.tgz 0ms (cache hit)
420 http cache media-typer@https://registry.npmjs.org/media-typer/-/media-typer-0.3.0.tgz 0ms (cache hit)
421 http cache has-symbols@https://registry.npmjs.org/has-symbols/-/has-symbols-1.1.0.tgz 0ms (cache hit)
422 http cache math-intrinsics@https://registry.npmjs.org/math-intrinsics/-/math-intrinsics-1.1.0.tgz 0ms (cache hit)
423 http cache hasown@https://registry.npmjs.org/hasown/-/hasown-2.0.2.tgz 0ms (cache hit)
424 http cache get-proto@https://registry.npmjs.org/get-proto/-/get-proto-1.0.1.tgz 0ms (cache hit)
425 http cache gopd@https://registry.npmjs.org/gopd/-/gopd-1.2.0.tgz 0ms (cache hit)
426 http cache es-object-atoms@https://registry.npmjs.org/es-object-atoms/-/es-object-atoms-1.1.1.tgz 0ms (cache hit)
427 http cache es-define-property@https://registry.npmjs.org/es-define-property/-/es-define-property-1.0.1.tgz 0ms (cache hit)
428 http cache call-bind-apply-helpers@https://registry.npmjs.org/call-bind-apply-helpers/-/call-bind-apply-helpers-1.0.2.tgz 0ms (cache hit)
429 http cache function-bind@https://registry.npmjs.org/function-bind/-/function-bind-1.1.2.tgz 0ms (cache hit)
430 http cache side-channel-map@https://registry.npmjs.org/side-channel-map/-/side-channel-map-1.0.1.tgz 0ms (cache hit)
431 http cache get-intrinsic@https://registry.npmjs.org/get-intrinsic/-/get-intrinsic-1.3.0.tgz 0ms (cache hit)
432 http cache side-channel-list@https://registry.npmjs.org/side-channel-list/-/side-channel-list-1.0.0.tgz 0ms (cache hit)
433 http cache side-channel-weakmap@https://registry.npmjs.org/side-channel-weakmap/-/side-channel-weakmap-1.0.2.tgz 0ms (cache hit)
434 http cache call-bound@https://registry.npmjs.org/call-bound/-/call-bound-1.0.4.tgz 0ms (cache hit)
435 http cache object-inspect@https://registry.npmjs.org/object-inspect/-/object-inspect-1.13.4.tgz 0ms (cache hit)
436 http cache mime@https://registry.npmjs.org/mime/-/mime-1.6.0.tgz 0ms (cache hit)
437 http cache es-errors@https://registry.npmjs.org/es-errors/-/es-errors-1.3.0.tgz 0ms (cache hit)
438 http cache side-channel@https://registry.npmjs.org/side-channel/-/side-channel-1.1.0.tgz 0ms (cache hit)
439 http cache forwarded@https://registry.npmjs.org/forwarded/-/forwarded-0.2.0.tgz 0ms (cache hit)
440 http cache ee-first@https://registry.npmjs.org/ee-first/-/ee-first-1.1.1.tgz 0ms (cache hit)
441 http cache ipaddr.js@https://registry.npmjs.org/ipaddr.js/-/ipaddr.js-1.9.1.tgz 0ms (cache hit)
442 http cache safer-buffer@https://registry.npmjs.org/safer-buffer/-/safer-buffer-2.1.2.tgz 0ms (cache hit)
443 http cache mime-db@https://registry.npmjs.org/mime-db/-/mime-db-1.52.0.tgz 0ms (cache hit)
444 http cache ms@https://registry.npmjs.org/ms/-/ms-2.0.0.tgz 0ms (cache hit)
445 http cache inherits@https://registry.npmjs.org/inherits/-/inherits-2.0.4.tgz 0ms (cache hit)
446 http cache toidentifier@https://registry.npmjs.org/toidentifier/-/toidentifier-1.0.1.tgz 0ms (cache hit)
447 http cache raw-body@https://registry.npmjs.org/raw-body/-/raw-body-2.5.3.tgz 0ms (cache hit)
448 http cache destroy@https://registry.npmjs.org/destroy/-/destroy-1.2.0.tgz 0ms (cache hit)
449 http cache iconv-lite@https://registry.npmjs.org/iconv-lite/-/iconv-lite-0.4.24.tgz 0ms (cache hit)
450 http cache negotiator@https://registry.npmjs.org/negotiator/-/negotiator-0.6.3.tgz 0ms (cache hit)
451 http cache mime-types@https://registry.npmjs.org/mime-types/-/mime-types-2.1.35.tgz 0ms (cache hit)
452 http cache bytes@https://registry.npmjs.org/bytes/-/bytes-3.1.2.tgz 0ms (cache hit)
453 http cache unpipe@https://registry.npmjs.org/unpipe/-/unpipe-1.0.0.tgz 0ms (cache hit)
454 http cache vary@https://registry.npmjs.org/vary/-/vary-1.1.2.tgz 0ms (cache hit)
455 http cache type-is@https://registry.npmjs.org/type-is/-/type-is-1.6.18.tgz 0ms (cache hit)
456 http cache utils-merge@https://registry.npmjs.org/utils-merge/-/utils-merge-1.0.1.tgz 0ms (cache hit)
457 http cache statuses@https://registry.npmjs.org/statuses/-/statuses-2.0.2.tgz 0ms (cache hit)
458 http cache setprototypeof@https://registry.npmjs.org/setprototypeof/-/setprototypeof-1.2.0.tgz 0ms (cache hit)
459 http cache safe-buffer@https://registry.npmjs.org/safe-buffer/-/safe-buffer-5.2.1.tgz 0ms (cache hit)
460 http cache range-parser@https://registry.npmjs.org/range-parser/-/range-parser-1.2.1.tgz 0ms (cache hit)
461 http cache qs@https://registry.npmjs.org/qs/-/qs-6.14.0.tgz 0ms (cache hit)
462 http cache send@https://registry.npmjs.org/send/-/send-0.19.1.tgz 0ms (cache hit)
463 http cache proxy-addr@https://registry.npmjs.org/proxy-addr/-/proxy-addr-2.0.7.tgz 0ms (cache hit)
464 http cache path-to-regexp@https://registry.npmjs.org/path-to-regexp/-/path-to-regexp-0.1.12.tgz 0ms (cache hit)
465 http cache parseurl@https://registry.npmjs.org/parseurl/-/parseurl-1.3.3.tgz 0ms (cache hit)
466 http cache methods@https://registry.npmjs.org/methods/-/methods-1.1.2.tgz 0ms (cache hit)
467 http cache serve-static@https://registry.npmjs.org/serve-static/-/serve-static-1.16.2.tgz 0ms (cache hit)
468 http cache http-errors@https://registry.npmjs.org/http-errors/-/http-errors-2.0.1.tgz 0ms (cache hit)
469 http cache merge-descriptors@https://registry.npmjs.org/merge-descriptors/-/merge-descriptors-1.0.3.tgz 0ms (cache hit)
470 http cache on-finished@https://registry.npmjs.org/on-finished/-/on-finished-2.4.1.tgz 0ms (cache hit)
471 http cache fresh@https://registry.npmjs.org/fresh/-/fresh-0.5.2.tgz 0ms (cache hit)
472 http cache finalhandler@https://registry.npmjs.org/finalhandler/-/finalhandler-1.3.2.tgz 0ms (cache hit)
473 http cache escape-html@https://registry.npmjs.org/escape-html/-/escape-html-1.0.3.tgz 0ms (cache hit)
474 http cache encodeurl@https://registry.npmjs.org/encodeurl/-/encodeurl-2.0.0.tgz 0ms (cache hit)
475 http cache depd@https://registry.npmjs.org/depd/-/depd-2.0.0.tgz 0ms (cache hit)
476 http cache debug@https://registry.npmjs.org/debug/-/debug-2.6.9.tgz 0ms (cache hit)
477 http cache cookie-signature@https://registry.npmjs.org/cookie-signature/-/cookie-signature-1.0.7.tgz 0ms (cache hit)
478 http cache content-type@https://registry.npmjs.org/content-type/-/content-type-1.0.5.tgz 0ms (cache hit)
479 http cache content-disposition@https://registry.npmjs.org/content-disposition/-/content-disposition-0.5.4.tgz 0ms (cache hit)
480 http cache body-parser@https://registry.npmjs.org/body-parser/-/body-parser-1.20.4.tgz 0ms (cache hit)
481 http cache etag@https://registry.npmjs.org/etag/-/etag-1.8.1.tgz 0ms (cache hit)
482 http cache array-flatten@https://registry.npmjs.org/array-flatten/-/array-flatten-1.1.1.tgz 0ms (cache hit)
483 http cache cookie@https://registry.npmjs.org/cookie/-/cookie-0.7.2.tgz 0ms (cache hit)
484 http cache accepts@https://registry.npmjs.org/accepts/-/accepts-1.3.8.tgz 0ms (cache hit)
485 http cache express@https://registry.npmjs.org/express/-/express-4.22.1.tgz 0ms (cache hit)
486 http cache statuses@https://registry.npmjs.org/statuses/-/statuses-2.0.1.tgz 0ms (cache hit)
487 http cache ms@https://registry.npmjs.org/ms/-/ms-2.1.3.tgz 0ms (cache hit)
488 http cache http-errors@https://registry.npmjs.org/http-errors/-/http-errors-2.0.0.tgz 0ms (cache hit)
489 http cache send@https://registry.npmjs.org/send/-/send-0.19.0.tgz 0ms (cache hit)
490 http cache ms@https://registry.npmjs.org/ms/-/ms-2.1.3.tgz 0ms (cache hit)
491 http cache http-errors@https://registry.npmjs.org/http-errors/-/http-errors-2.0.0.tgz 0ms (cache hit)
492 http cache statuses@https://registry.npmjs.org/statuses/-/statuses-2.0.1.tgz 0ms (cache hit)
493 http cache encodeurl@https://registry.npmjs.org/encodeurl/-/encodeurl-1.0.2.tgz 0ms (cache hit)
494 silly tarball no local data for dunder-proto@https://registry.npmjs.org/dunder-proto/-/dunder-proto-1.0.1.tgz. Extracting by manifest.
495 silly tarball no local data for media-typer@https://registry.npmjs.org/media-typer/-/media-typer-0.3.0.tgz. Extracting by manifest.
496 silly tarball no local data for has-symbols@https://registry.npmjs.org/has-symbols/-/has-symbols-1.1.0.tgz. Extracting by manifest.
497 silly tarball no local data for math-intrinsics@https://registry.npmjs.org/math-intrinsics/-/math-intrinsics-1.1.0.tgz. Extracting by manifest.
498 silly tarball no local data for hasown@https://registry.npmjs.org/hasown/-/hasown-2.0.2.tgz. Extracting by manifest.
499 silly tarball no local data for get-proto@https://registry.npmjs.org/get-proto/-/get-proto-1.0.1.tgz. Extracting by manifest.
500 silly tarball no local data for gopd@https://registry.npmjs.org/gopd/-/gopd-1.2.0.tgz. Extracting by manifest.
501 silly tarball no local data for es-object-atoms@https://registry.npmjs.org/es-object-atoms/-/es-object-atoms-1.1.1.tgz. Extracting by manifest.
502 silly tarball no local data for es-define-property@https://registry.npmjs.org/es-define-property/-/es-define-property-1.0.1.tgz. Extracting by manifest.
503 silly tarball no local data for call-bind-apply-helpers@https://registry.npmjs.org/call-bind-apply-helpers/-/call-bind-apply-helpers-1.0.2.tgz. Extracting by manifest.
504 silly tarball no local data for function-bind@https://registry.npmjs.org/function-bind/-/function-bind-1.1.2.tgz. Extracting by manifest.
505 silly tarball no local data for side-channel-map@https://registry.npmjs.org/side-channel-map/-/side-channel-map-1.0.1.tgz. Extracting by manifest.
506 silly tarball no local data for side-channel-list@https://registry.npmjs.org/side-channel-list/-/side-channel-list-1.0.0.tgz. Extracting by manifest.
507 silly tarball no local data for side-channel-weakmap@https://registry.npmjs.org/side-channel-weakmap/-/side-channel-weakmap-1.0.2.tgz. Extracting by manifest.
508 silly tarball no local data for get-intrinsic@https://registry.npmjs.org/get-intrinsic/-/get-intrinsic-1.3.0.tgz. Extracting by manifest.
509 silly tarball no local data for call-bound@https://registry.npmjs.org/call-bound/-/call-bound-1.0.4.tgz. Extracting by manifest.
510 silly tarball no local data for object-inspect@https://registry.npmjs.org/object-inspect/-/object-inspect-1.13.4.tgz. Extracting by manifest.
511 silly tarball no local data for mime@https://registry.npmjs.org/mime/-/mime-1.6.0.tgz. Extracting by manifest.
512 silly tarball no local data for es-errors@https://registry.npmjs.org/es-errors/-/es-errors-1.3.0.tgz. Extracting by manifest.
513 silly tarball no local data for side-channel@https://registry.npmjs.org/side-channel/-/side-channel-1.1.0.tgz. Extracting by manifest.
514 silly tarball no local data for forwarded@https://registry.npmjs.org/forwarded/-/forwarded-0.2.0.tgz. Extracting by manifest.
515 silly tarball no local data for ee-first@https://registry.npmjs.org/ee-first/-/ee-first-1.1.1.tgz. Extracting by manifest.
516 silly tarball no local data for ipaddr.js@https://registry.npmjs.org/ipaddr.js/-/ipaddr.js-1.9.1.tgz. Extracting by manifest.
517 silly tarball no local data for safer-buffer@https://registry.npmjs.org/safer-buffer/-/safer-buffer-2.1.2.tgz. Extracting by manifest.
518 silly tarball no local data for mime-db@https://registry.npmjs.org/mime-db/-/mime-db-1.52.0.tgz. Extracting by manifest.
519 silly tarball no local data for ms@https://registry.npmjs.org/ms/-/ms-2.0.0.tgz. Extracting by manifest.
520 silly tarball no local data for inherits@https://registry.npmjs.org/inherits/-/inherits-2.0.4.tgz. Extracting by manifest.
521 silly tarball no local data for toidentifier@https://registry.npmjs.org/toidentifier/-/toidentifier-1.0.1.tgz. Extracting by manifest.
522 silly tarball no local data for raw-body@https://registry.npmjs.org/raw-body/-/raw-body-2.5.3.tgz. Extracting by manifest.
523 silly tarball no local data for destroy@https://registry.npmjs.org/destroy/-/destroy-1.2.0.tgz. Extracting by manifest.
524 silly tarball no local data for iconv-lite@https://registry.npmjs.org/iconv-lite/-/iconv-lite-0.4.24.tgz. Extracting by manifest.
525 silly tarball no local data for negotiator@https://registry.npmjs.org/negotiator/-/negotiator-0.6.3.tgz. Extracting by manifest.
526 silly tarball no local data for mime-types@https://registry.npmjs.org/mime-types/-/mime-types-2.1.35.tgz. Extracting by manifest.
527 silly tarball no local data for bytes@https://registry.npmjs.org/bytes/-/bytes-3.1.2.tgz. Extracting by manifest.
528 silly tarball no local data for unpipe@https://registry.npmjs.org/unpipe/-/unpipe-1.0.0.tgz. Extracting by manifest.
529 silly tarball no local data for vary@https://registry.npmjs.org/vary/-/vary-1.1.2.tgz. Extracting by manifest.
530 silly tarball no local data for type-is@https://registry.npmjs.org/type-is/-/type-is-1.6.18.tgz. Extracting by manifest.
531 silly tarball no local data for utils-merge@https://registry.npmjs.org/utils-merge/-/utils-merge-1.0.1.tgz. Extracting by manifest.
532 silly tarball no local data for statuses@https://registry.npmjs.org/statuses/-/statuses-2.0.2.tgz. Extracting by manifest.
533 silly tarball no local data for setprototypeof@https://registry.npmjs.org/setprototypeof/-/setprototypeof-1.2.0.tgz. Extracting by manifest.
534 silly tarball no local data for safe-buffer@https://registry.npmjs.org/safe-buffer/-/safe-buffer-5.2.1.tgz. Extracting by manifest.
535 silly tarball no local data for range-parser@https://registry.npmjs.org/range-parser/-/range-parser-1.2.1.tgz. Extracting by manifest.
536 silly tarball no local data for qs@https://registry.npmjs.org/qs/-/qs-6.14.0.tgz. Extracting by manifest.
537 silly tarball no local data for send@https://registry.npmjs.org/send/-/send-0.19.1.tgz. Extracting by manifest.
538 silly tarball no local data for proxy-addr@https://registry.npmjs.org/proxy-addr/-/proxy-addr-2.0.7.tgz. Extracting by manifest.
539 silly tarball no local data for path-to-regexp@https://registry.npmjs.org/path-to-regexp/-/path-to-regexp-0.1.12.tgz. Extracting by manifest.
540 silly tarball no local data for parseurl@https://registry.npmjs.org/parseurl/-/parseurl-1.3.3.tgz. Extracting by manifest.
541 silly tarball no local data for methods@https://registry.npmjs.org/methods/-/methods-1.1.2.tgz. Extracting by manifest.
542 silly tarball no local data for serve-static@https://registry.npmjs.org/serve-static/-/serve-static-1.16.2.tgz. Extracting by manifest.
543 silly tarball no local data for http-errors@https://registry.npmjs.org/http-errors/-/http-errors-2.0.1.tgz. Extracting by manifest.
544 silly tarball no local data for merge-descriptors@https://registry.npmjs.org/merge-descriptors/-/merge-descriptors-1.0.3.tgz. Extracting by manifest.
545 silly tarball no local data for on-finished@https://registry.npmjs.org/on-finished/-/on-finished-2.4.1.tgz. Extracting by manifest.
546 silly tarball no local data for fresh@https://registry.npmjs.org/fresh/-/fresh-0.5.2.tgz. Extracting by manifest.
547 silly tarball no local data for finalhandler@https://registry.npmjs.org/finalhandler/-/finalhandler-1.3.2.tgz. Extracting by manifest.
548 silly tarball no local data for escape-html@https://registry.npmjs.org/escape-html/-/escape-html-1.0.3.tgz. Extracting by manifest.
549 silly tarball no local data for encodeurl@https://registry.npmjs.org/encodeurl/-/encodeurl-2.0.0.tgz. Extracting by manifest.
550 silly tarball no local data for depd@https://registry.npmjs.org/depd/-/depd-2.0.0.tgz. Extracting by manifest.
551 silly tarball no local data for debug@https://registry.npmjs.org/debug/-/debug-2.6.9.tgz. Extracting by manifest.
552 silly tarball no local data for cookie-signature@https://registry.npmjs.org/cookie-signature/-/cookie-signature-1.0.7.tgz. Extracting by manifest.
553 silly tarball no local data for content-type@https://registry.npmjs.org/content-type/-/content-type-1.0.5.tgz. Extracting by manifest.
554 silly tarball no local data for content-disposition@https://registry.npmjs.org/content-disposition/-/content-disposition-0.5.4.tgz. Extracting by manifest.
555 silly tarball no local data for body-parser@https://registry.npmjs.org/body-parser/-/body-parser-1.20.4.tgz. Extracting by manifest.
556 silly tarball no local data for etag@https://registry.npmjs.org/etag/-/etag-1.8.1.tgz. Extracting by manifest.
557 silly tarball no local data for array-flatten@https://registry.npmjs.org/array-flatten/-/array-flatten-1.1.1.tgz. Extracting by manifest.
558 silly tarball no local data for cookie@https://registry.npmjs.org/cookie/-/cookie-0.7.2.tgz. Extracting by manifest.
559 silly tarball no local data for accepts@https://registry.npmjs.org/accepts/-/accepts-1.3.8.tgz. Extracting by manifest.
560 silly tarball no local data for express@https://registry.npmjs.org/express/-/express-4.22.1.tgz. Extracting by manifest.
561 silly tarball no local data for statuses@https://registry.npmjs.org/statuses/-/statuses-2.0.1.tgz. Extracting by manifest.
562 silly tarball no local data for ms@https://registry.npmjs.org/ms/-/ms-2.1.3.tgz. Extracting by manifest.
563 silly tarball no local data for http-errors@https://registry.npmjs.org/http-errors/-/http-errors-2.0.0.tgz. Extracting by manifest.
564 silly tarball no local data for send@https://registry.npmjs.org/send/-/send-0.19.0.tgz. Extracting by manifest.
565 silly tarball no local data for ms@https://registry.npmjs.org/ms/-/ms-2.1.3.tgz. Extracting by manifest.
566 silly tarball no local data for http-errors@https://registry.npmjs.org/http-errors/-/http-errors-2.0.0.tgz. Extracting by manifest.
567 silly tarball no local data for statuses@https://registry.npmjs.org/statuses/-/statuses-2.0.1.tgz. Extracting by manifest.
568 silly tarball no local data for encodeurl@https://registry.npmjs.org/encodeurl/-/encodeurl-1.0.2.tgz. Extracting by manifest.
569 http fetch POST 200 https://registry.npmjs.org/-/npm/v1/security/advisories/bulk 72ms
570 silly audit report {}
571 http fetch GET 200 https://registry.npmjs.org/hasown/-/hasown-2.0.2.tgz 66ms (cache miss)
572 http fetch GET 200 https://registry.npmjs.org/dunder-proto/-/dunder-proto-1.0.1.tgz 66ms (cache miss)
573 http fetch GET 200 https://registry.npmjs.org/get-proto/-/get-proto-1.0.1.tgz 66ms (cache miss)
574 http fetch GET 200 https://registry.npmjs.org/es-object-atoms/-/es-object-atoms-1.1.1.tgz 66ms (cache miss)
575 http fetch GET 200 https://registry.npmjs.org/media-typer/-/media-typer-0.3.0.tgz 67ms (cache miss)
576 http fetch GET 200 https://registry.npmjs.org/has-symbols/-/has-symbols-1.1.0.tgz 67ms (cache miss)
577 http fetch GET 200 https://registry.npmjs.org/math-intrinsics/-/math-intrinsics-1.1.0.tgz 68ms (cache miss)
578 http fetch GET 200 https://registry.npmjs.org/gopd/-/gopd-1.2.0.tgz 105ms (cache miss)
579 http fetch GET 200 https://registry.npmjs.org/side-channel/-/side-channel-1.1.0.tgz 103ms (cache miss)
580 http fetch GET 200 https://registry.npmjs.org/call-bound/-/call-bound-1.0.4.tgz 105ms (cache miss)
581 http fetch GET 200 https://registry.npmjs.org/mime/-/mime-1.6.0.tgz 103ms (cache miss)
582 http fetch GET 200 https://registry.npmjs.org/ee-first/-/ee-first-1.1.1.tgz 103ms (cache miss)
583 http fetch GET 200 https://registry.npmjs.org/get-intrinsic/-/get-intrinsic-1.3.0.tgz 106ms (cache miss)
584 http fetch GET 200 https://registry.npmjs.org/object-inspect/-/object-inspect-1.13.4.tgz 105ms (cache miss)
585 http fetch GET 200 https://registry.npmjs.org/forwarded/-/forwarded-0.2.0.tgz 108ms (cache miss)
586 http fetch GET 200 https://registry.npmjs.org/es-errors/-/es-errors-1.3.0.tgz 120ms (cache miss)
587 http fetch GET 200 https://registry.npmjs.org/ipaddr.js/-/ipaddr.js-1.9.1.tgz 147ms (cache miss)
588 http fetch GET 200 https://registry.npmjs.org/toidentifier/-/toidentifier-1.0.1.tgz 146ms (cache miss)
589 http fetch GET 200 https://registry.npmjs.org/safer-buffer/-/safer-buffer-2.1.2.tgz 147ms (cache miss)
590 http fetch GET 200 https://registry.npmjs.org/ms/-/ms-2.0.0.tgz 146ms (cache miss)
591 http fetch GET 200 https://registry.npmjs.org/inherits/-/inherits-2.0.4.tgz 147ms (cache miss)
592 http fetch GET 200 https://registry.npmjs.org/es-define-property/-/es-define-property-1.0.1.tgz 153ms (cache miss)
593 http fetch GET 200 https://registry.npmjs.org/raw-body/-/raw-body-2.5.3.tgz 150ms (cache miss)
594 http fetch GET 200 https://registry.npmjs.org/mime-db/-/mime-db-1.52.0.tgz 150ms (cache miss)
595 http fetch GET 200 https://registry.npmjs.org/function-bind/-/function-bind-1.1.2.tgz 154ms (cache miss)
596 http fetch GET 200 https://registry.npmjs.org/call-bind-apply-helpers/-/call-bind-apply-helpers-1.0.2.tgz 154ms (cache miss)
597 http fetch GET 200 https://registry.npmjs.org/side-channel-list/-/side-channel-list-1.0.0.tgz 154ms (cache miss)
598 http fetch GET 200 https://registry.npmjs.org/destroy/-/destroy-1.2.0.tgz 163ms (cache miss)
599 http fetch GET 200 https://registry.npmjs.org/side-channel-weakmap/-/side-channel-weakmap-1.0.2.tgz 171ms (cache miss)
600 http fetch GET 200 https://registry.npmjs.org/negotiator/-/negotiator-0.6.3.tgz 179ms (cache miss)
601 http fetch GET 200 https://registry.npmjs.org/utils-merge/-/utils-merge-1.0.1.tgz 178ms (cache miss)
602 http fetch GET 200 https://registry.npmjs.org/mime-types/-/mime-types-2.1.35.tgz 179ms (cache miss)
603 http fetch GET 200 https://registry.npmjs.org/side-channel-map/-/side-channel-map-1.0.1.tgz 183ms (cache miss)
604 http fetch GET 200 https://registry.npmjs.org/unpipe/-/unpipe-1.0.0.tgz 182ms (cache miss)
605 http fetch GET 200 https://registry.npmjs.org/type-is/-/type-is-1.6.18.tgz 191ms (cache miss)
606 http fetch GET 200 https://registry.npmjs.org/bytes/-/bytes-3.1.2.tgz 192ms (cache miss)
607 http fetch GET 200 https://registry.npmjs.org/safe-buffer/-/safe-buffer-5.2.1.tgz 191ms (cache miss)
608 http fetch GET 200 https://registry.npmjs.org/statuses/-/statuses-2.0.2.tgz 193ms (cache miss)
609 http fetch GET 200 https://registry.npmjs.org/setprototypeof/-/setprototypeof-1.2.0.tgz 193ms (cache miss)
610 http fetch GET 200 https://registry.npmjs.org/vary/-/vary-1.1.2.tgz 195ms (cache miss)
611 http fetch GET 200 https://registry.npmjs.org/iconv-lite/-/iconv-lite-0.4.24.tgz 195ms (cache miss)
612 http fetch GET 200 https://registry.npmjs.org/range-parser/-/range-parser-1.2.1.tgz 194ms (cache miss)
613 http fetch GET 200 https://registry.npmjs.org/send/-/send-0.19.1.tgz 208ms (cache miss)
614 http fetch GET 200 https://registry.npmjs.org/path-to-regexp/-/path-to-regexp-0.1.12.tgz 215ms (cache miss)
615 http fetch GET 200 https://registry.npmjs.org/proxy-addr/-/proxy-addr-2.0.7.tgz 215ms (cache miss)
616 http fetch GET 200 https://registry.npmjs.org/qs/-/qs-6.14.0.tgz 218ms (cache miss)
617 http fetch GET 200 https://registry.npmjs.org/methods/-/methods-1.1.2.tgz 218ms (cache miss)
618 http fetch GET 200 https://registry.npmjs.org/parseurl/-/parseurl-1.3.3.tgz 221ms (cache miss)
619 http fetch GET 200 https://registry.npmjs.org/http-errors/-/http-errors-2.0.1.tgz 225ms (cache miss)
620 http fetch GET 200 https://registry.npmjs.org/fresh/-/fresh-0.5.2.tgz 226ms (cache miss)
621 http fetch GET 200 https://registry.npmjs.org/finalhandler/-/finalhandler-1.3.2.tgz 227ms (cache miss)
622 http fetch GET 200 https://registry.npmjs.org/serve-static/-/serve-static-1.16.2.tgz 228ms (cache miss)
623 http fetch GET 200 https://registry.npmjs.org/merge-descriptors/-/merge-descriptors-1.0.3.tgz 227ms (cache miss)
624 http fetch GET 200 https://registry.npmjs.org/on-finished/-/on-finished-2.4.1.tgz 232ms (cache miss)
625 http fetch GET 200 https://registry.npmjs.org/escape-html/-/escape-html-1.0.3.tgz 234ms (cache miss)
626 http fetch GET 200 https://registry.npmjs.org/encodeurl/-/encodeurl-2.0.0.tgz 240ms (cache miss)
627 http fetch GET 200 https://registry.npmjs.org/depd/-/depd-2.0.0.tgz 240ms (cache miss)
628 http fetch GET 200 https://registry.npmjs.org/debug/-/debug-2.6.9.tgz 248ms (cache miss)
629 http fetch GET 200 https://registry.npmjs.org/body-parser/-/body-parser-1.20.4.tgz 255ms (cache miss)
630 http fetch GET 200 https://registry.npmjs.org/cookie-signature/-/cookie-signature-1.0.7.tgz 270ms (cache miss)
631 http fetch GET 200 https://registry.npmjs.org/array-flatten/-/array-flatten-1.1.1.tgz 276ms (cache miss)
632 http fetch GET 200 https://registry.npmjs.org/content-type/-/content-type-1.0.5.tgz 278ms (cache miss)
633 http fetch GET 200 https://registry.npmjs.org/content-disposition/-/content-disposition-0.5.4.tgz 279ms (cache miss)
634 http fetch GET 200 https://registry.npmjs.org/accepts/-/accepts-1.3.8.tgz 279ms (cache miss)
635 http fetch GET 200 https://registry.npmjs.org/etag/-/etag-1.8.1.tgz 280ms (cache miss)
636 http fetch GET 200 https://registry.npmjs.org/ms/-/ms-2.1.3.tgz 280ms (cache miss)
637 http fetch GET 200 https://registry.npmjs.org/cookie/-/cookie-0.7.2.tgz 280ms (cache miss)
638 http fetch GET 200 https://registry.npmjs.org/http-errors/-/http-errors-2.0.0.tgz 281ms (cache miss)
639 http fetch GET 200 https://registry.npmjs.org/statuses/-/statuses-2.0.1.tgz 281ms (cache miss)
640 http fetch GET 200 https://registry.npmjs.org/ms/-/ms-2.1.3.tgz 281ms (cache miss)
641 http fetch GET 200 https://registry.npmjs.org/send/-/send-0.19.0.tgz 282ms (cache miss)
642 http fetch GET 200 https://registry.npmjs.org/express/-/express-4.22.1.tgz 282ms (cache miss)
643 http fetch GET 200 https://registry.npmjs.org/http-errors/-/http-errors-2.0.0.tgz 285ms (cache miss)
644 http fetch GET 200 https://registry.npmjs.org/statuses/-/statuses-2.0.1.tgz 292ms (cache miss)
645 http fetch GET 200 https://registry.npmjs.org/encodeurl/-/encodeurl-1.0.2.tgz 300ms (cache miss)
646 silly ADD node_modules/media-typer
647 silly ADD node_modules/dunder-proto
648 silly ADD node_modules/math-intrinsics
649 silly ADD node_modules/hasown
650 silly ADD node_modules/has-symbols
651 silly ADD node_modules/gopd
652 silly ADD node_modules/get-proto
653 silly ADD node_modules/es-object-atoms
654 silly ADD node_modules/es-define-property
655 silly ADD node_modules/function-bind
656 silly ADD node_modules/call-bind-apply-helpers
657 silly ADD node_modules/get-intrinsic
658 silly ADD node_modules/call-bound
659 silly ADD node_modules/side-channel-weakmap
660 silly ADD node_modules/side-channel-map
661 silly ADD node_modules/side-channel-list
662 silly ADD node_modules/object-inspect
663 silly ADD node_modules/es-errors
664 silly ADD node_modules/mime
665 silly ADD node_modules/side-channel
666 silly ADD node_modules/ipaddr.js
667 silly ADD node_modules/forwarded
668 silly ADD node_modules/ee-first
669 silly ADD node_modules/mime-db
670 silly ADD node_modules/safer-buffer
671 silly ADD node_modules/toidentifier
672 silly ADD node_modules/inherits
673 silly ADD node_modules/ms
674 silly ADD node_modules/unpipe
675 silly ADD node_modules/raw-body
676 silly ADD node_modules/iconv-lite
677 silly ADD node_modules/destroy
678 silly ADD node_modules/bytes
679 silly ADD node_modules/negotiator
680 silly ADD node_modules/mime-types
681 silly ADD node_modules/vary
682 silly ADD node_modules/utils-merge
683 silly ADD node_modules/type-is
684 silly ADD node_modules/statuses
685 silly ADD node_modules/setprototypeof
686 silly ADD node_modules/serve-static
687 silly ADD node_modules/serve-static/node_modules/statuses
688 silly ADD node_modules/serve-static/node_modules/ms
689 silly ADD node_modules/serve-static/node_modules/http-errors
690 silly ADD node_modules/serve-static/node_modules/send
691 silly ADD node_modules/serve-static/node_modules/send/node_modules/encodeurl
692 silly ADD node_modules/send
693 silly ADD node_modules/send/node_modules/statuses
694 silly ADD node_modules/send/node_modules/ms
695 silly ADD node_modules/send/node_modules/http-errors
696 silly ADD node_modules/safe-buffer
697 silly ADD node_modules/range-parser
698 silly ADD node_modules/qs
699 silly ADD node_modules/proxy-addr
700 silly ADD node_modules/path-to-regexp
701 silly ADD node_modules/parseurl
702 silly ADD node_modules/on-finished
703 silly ADD node_modules/methods
704 silly ADD node_modules/merge-descriptors
705 silly ADD node_modules/http-errors
706 silly ADD node_modules/fresh
707 silly ADD node_modules/finalhandler
708 silly ADD node_modules/etag
709 silly ADD node_modules/escape-html
710 silly ADD node_modules/encodeurl
711 silly ADD node_modules/depd
712 silly ADD node_modules/debug
713 silly ADD node_modules/cookie-signature
714 silly ADD node_modules/cookie
715 silly ADD node_modules/content-type
716 silly ADD node_modules/content-disposition
717 silly ADD node_modules/body-parser
718 silly ADD node_modules/array-flatten
719 silly ADD node_modules/accepts
720 silly ADD node_modules/express
721 verbose cwd /Users/nickperez/Home-Hub
722 verbose os Darwin 25.0.0
723 verbose node v24.5.0
724 verbose npm  v11.5.1
725 verbose exit 0
726 info ok
